# JRE version: Java(TM) SE Runtime Environment (8.0_301-b09) (build 1.8.0_301-b09)
# Java VM: Java HotSpot(TM) 64-Bit Server VM (25.301-b09 mixed mode windows-amd64 compressed oops)
Heap:
 PSYoungGen      total 104960K, used 11085K [0x000000074b500000, 0x0000000752a00000, 0x00000007c0000000)
  eden space 90112K, 0% used [0x000000074b500000,0x000000074b500000,0x0000000750d00000)
  from space 14848K, 74% used [0x0000000750d00000,0x00000007517d3628,0x0000000751b80000)
  to   space 14848K, 0% used [0x0000000751b80000,0x0000000751b80000,0x0000000752a00000)
 ParOldGen       total 240640K, used 88K [0x0000000661e00000, 0x0000000670900000, 0x000000074b500000)
  object space 240640K, 0% used [0x0000000661e00000,0x0000000661e16010,0x0000000670900000)
 Metaspace       used 20226K, capacity 21200K, committed 21248K, reserved 1067008K
  class space    used 2816K, capacity 3034K, committed 3072K, reserved 1048576K
GC Heap History (3 events):
Event: 1.654 GC heap before
{Heap before GC invocations=1 (full 0):
 PSYoungGen      total 104960K, used 55615K [0x000000074b500000, 0x0000000752a00000, 0x00000007c0000000)
  eden space 90112K, 61% used [0x000000074b500000,0x000000074eb4fdc0,0x0000000750d00000)
  from space 14848K, 0% used [0x0000000751b80000,0x0000000751b80000,0x0000000752a00000)
  to   space 14848K, 0% used [0x0000000750d00000,0x0000000750d00000,0x0000000751b80000)
 ParOldGen       total 240640K, used 0K [0x0000000661e00000, 0x0000000670900000, 0x000000074b500000)
  object space 240640K, 0% used [0x0000000661e00000,0x0000000661e00000,0x0000000670900000)
 Metaspace       used 20226K, capacity 21200K, committed 21248K, reserved 1067008K
  class space    used 2816K, capacity 3034K, committed 3072K, reserved 1048576K
Event: 1.661 GC heap after
Heap after GC invocations=1 (full 0):
 PSYoungGen      total 104960K, used 11085K [0x000000074b500000, 0x0000000752a00000, 0x00000007c0000000)
  eden space 90112K, 0% used [0x000000074b500000,0x000000074b500000,0x0000000750d00000)
  from space 14848K, 74% used [0x0000000750d00000,0x00000007517d3628,0x0000000751b80000)
  to   space 14848K, 0% used [0x0000000751b80000,0x0000000751b80000,0x0000000752a00000)
 ParOldGen       total 240640K, used 88K [0x0000000661e00000, 0x0000000670900000, 0x000000074b500000)
  object space 240640K, 0% used [0x0000000661e00000,0x0000000661e16010,0x0000000670900000)
 Metaspace       used 20226K, capacity 21200K, committed 21248K, reserved 1067008K
  class space    used 2816K, capacity 3034K, committed 3072K, reserved 1048576K
}
Event: 1.661 GC heap before
{Heap before GC invocations=2 (full 1):
 PSYoungGen      total 104960K, used 11085K [0x000000074b500000, 0x0000000752a00000, 0x00000007c0000000)
  eden space 90112K, 0% used [0x000000074b500000,0x000000074b500000,0x0000000750d00000)
  from space 14848K, 74% used [0x0000000750d00000,0x00000007517d3628,0x0000000751b80000)
  to   space 14848K, 0% used [0x0000000751b80000,0x0000000751b80000,0x0000000752a00000)
 ParOldGen       total 240640K, used 88K [0x0000000661e00000, 0x0000000670900000, 0x000000074b500000)
  object space 240640K, 0% used [0x0000000661e00000,0x0000000661e16010,0x0000000670900000)
 Metaspace       used 20226K, capacity 21200K, committed 21248K, reserved 1067008K
  class space    used 2816K, capacity 3034K, committed 3072K, reserved 1048576K

